<?xml version="1.0" encoding="UTF-8"?>
<testsuite xmlns:xsi="http://www.w3.org/2001/XMLSchema-instance" xsi:noNamespaceSchemaLocation="https://maven.apache.org/surefire/maven-surefire-plugin/xsd/surefire-test-report-3.0.xsd" version="3.0" name="tek.sdet.framework.runner.TestRunner" time="71.032" tests="5" errors="0" skipped="0" failures="0">
  <properties>
    <property name="java.specification.version" value="17"/>
    <property name="sun.jnu.encoding" value="UTF-8"/>
    <property name="java.class.path" value="/Users/nakhtar/eclipse-workspace/tek-bbd-framework/target/test-classes:/Users/nakhtar/eclipse-workspace/tek-bbd-framework/target/classes:/Users/nakhtar/.m2/repository/io/cucumber/cucumber-java/7.0.0/cucumber-java-7.0.0.jar:/Users/nakhtar/.m2/repository/io/cucumber/cucumber-core/7.0.0/cucumber-core-7.0.0.jar:/Users/nakhtar/.m2/repository/io/cucumber/cucumber-gherkin/7.0.0/cucumber-gherkin-7.0.0.jar:/Users/nakhtar/.m2/repository/io/cucumber/cucumber-gherkin-messages/7.0.0/cucumber-gherkin-messages-7.0.0.jar:/Users/nakhtar/.m2/repository/io/cucumber/messages/17.1.1/messages-17.1.1.jar:/Users/nakhtar/.m2/repository/io/cucumber/tag-expressions/4.0.2/tag-expressions-4.0.2.jar:/Users/nakhtar/.m2/repository/io/cucumber/cucumber-expressions/13.0.1/cucumber-expressions-13.0.1.jar:/Users/nakhtar/.m2/repository/io/cucumber/datatable/7.0.0/datatable-7.0.0.jar:/Users/nakhtar/.m2/repository/io/cucumber/cucumber-plugin/7.0.0/cucumber-plugin-7.0.0.jar:/Users/nakhtar/.m2/repository/io/cucumber/docstring/7.0.0/docstring-7.0.0.jar:/Users/nakhtar/.m2/repository/io/cucumber/html-formatter/17.0.0/html-formatter-17.0.0.jar:/Users/nakhtar/.m2/repository/io/cucumber/create-meta/6.0.1/create-meta-6.0.1.jar:/Users/nakhtar/.m2/repository/org/apiguardian/apiguardian-api/1.1.2/apiguardian-api-1.1.2.jar:/Users/nakhtar/.m2/repository/org/seleniumhq/selenium/selenium-java/4.4.0/selenium-java-4.4.0.jar:/Users/nakhtar/.m2/repository/org/seleniumhq/selenium/selenium-api/4.4.0/selenium-api-4.4.0.jar:/Users/nakhtar/.m2/repository/org/seleniumhq/selenium/selenium-chrome-driver/4.4.0/selenium-chrome-driver-4.4.0.jar:/Users/nakhtar/.m2/repository/org/seleniumhq/selenium/selenium-chromium-driver/4.4.0/selenium-chromium-driver-4.4.0.jar:/Users/nakhtar/.m2/repository/org/seleniumhq/selenium/selenium-devtools-v102/4.4.0/selenium-devtools-v102-4.4.0.jar:/Users/nakhtar/.m2/repository/org/seleniumhq/selenium/selenium-devtools-v103/4.4.0/selenium-devtools-v103-4.4.0.jar:/Users/nakhtar/.m2/repository/org/seleniumhq/selenium/selenium-devtools-v104/4.4.0/selenium-devtools-v104-4.4.0.jar:/Users/nakhtar/.m2/repository/org/seleniumhq/selenium/selenium-devtools-v85/4.4.0/selenium-devtools-v85-4.4.0.jar:/Users/nakhtar/.m2/repository/org/seleniumhq/selenium/selenium-edge-driver/4.4.0/selenium-edge-driver-4.4.0.jar:/Users/nakhtar/.m2/repository/org/seleniumhq/selenium/selenium-firefox-driver/4.4.0/selenium-firefox-driver-4.4.0.jar:/Users/nakhtar/.m2/repository/org/seleniumhq/selenium/selenium-ie-driver/4.4.0/selenium-ie-driver-4.4.0.jar:/Users/nakhtar/.m2/repository/org/seleniumhq/selenium/selenium-opera-driver/4.4.0/selenium-opera-driver-4.4.0.jar:/Users/nakhtar/.m2/repository/org/seleniumhq/selenium/selenium-remote-driver/4.4.0/selenium-remote-driver-4.4.0.jar:/Users/nakhtar/.m2/repository/com/beust/jcommander/1.82/jcommander-1.82.jar:/Users/nakhtar/.m2/repository/io/netty/netty-buffer/4.1.78.Final/netty-buffer-4.1.78.Final.jar:/Users/nakhtar/.m2/repository/io/netty/netty-codec-http/4.1.78.Final/netty-codec-http-4.1.78.Final.jar:/Users/nakhtar/.m2/repository/io/netty/netty-codec/4.1.78.Final/netty-codec-4.1.78.Final.jar:/Users/nakhtar/.m2/repository/io/netty/netty-handler/4.1.78.Final/netty-handler-4.1.78.Final.jar:/Users/nakhtar/.m2/repository/io/netty/netty-common/4.1.78.Final/netty-common-4.1.78.Final.jar:/Users/nakhtar/.m2/repository/io/netty/netty-transport-classes-epoll/4.1.78.Final/netty-transport-classes-epoll-4.1.78.Final.jar:/Users/nakhtar/.m2/repository/io/netty/netty-transport-classes-kqueue/4.1.78.Final/netty-transport-classes-kqueue-4.1.78.Final.jar:/Users/nakhtar/.m2/repository/io/netty/netty-transport-native-epoll/4.1.78.Final/netty-transport-native-epoll-4.1.78.Final.jar:/Users/nakhtar/.m2/repository/io/netty/netty-transport-native-kqueue/4.1.78.Final/netty-transport-native-kqueue-4.1.78.Final.jar:/Users/nakhtar/.m2/repository/io/netty/netty-transport-native-unix-common/4.1.78.Final/netty-transport-native-unix-common-4.1.78.Final.jar:/Users/nakhtar/.m2/repository/io/netty/netty-transport/4.1.78.Final/netty-transport-4.1.78.Final.jar:/Users/nakhtar/.m2/repository/io/netty/netty-resolver/4.1.78.Final/netty-resolver-4.1.78.Final.jar:/Users/nakhtar/.m2/repository/io/opentelemetry/opentelemetry-api/1.16.0/opentelemetry-api-1.16.0.jar:/Users/nakhtar/.m2/repository/io/opentelemetry/opentelemetry-context/1.16.0/opentelemetry-context-1.16.0.jar:/Users/nakhtar/.m2/repository/io/opentelemetry/opentelemetry-exporter-logging/1.16.0/opentelemetry-exporter-logging-1.16.0.jar:/Users/nakhtar/.m2/repository/io/opentelemetry/opentelemetry-sdk-metrics/1.16.0/opentelemetry-sdk-metrics-1.16.0.jar:/Users/nakhtar/.m2/repository/io/opentelemetry/opentelemetry-sdk-logs/1.16.0-alpha/opentelemetry-sdk-logs-1.16.0-alpha.jar:/Users/nakhtar/.m2/repository/io/opentelemetry/opentelemetry-sdk-common/1.16.0/opentelemetry-sdk-common-1.16.0.jar:/Users/nakhtar/.m2/repository/io/opentelemetry/opentelemetry-sdk-extension-autoconfigure-spi/1.16.0/opentelemetry-sdk-extension-autoconfigure-spi-1.16.0.jar:/Users/nakhtar/.m2/repository/io/opentelemetry/opentelemetry-sdk-extension-autoconfigure/1.16.0-alpha/opentelemetry-sdk-extension-autoconfigure-1.16.0-alpha.jar:/Users/nakhtar/.m2/repository/io/opentelemetry/opentelemetry-sdk-trace/1.16.0/opentelemetry-sdk-trace-1.16.0.jar:/Users/nakhtar/.m2/repository/io/opentelemetry/opentelemetry-sdk/1.16.0/opentelemetry-sdk-1.16.0.jar:/Users/nakhtar/.m2/repository/io/opentelemetry/opentelemetry-semconv/1.16.0-alpha/opentelemetry-semconv-1.16.0-alpha.jar:/Users/nakhtar/.m2/repository/io/ous/jtoml/2.0.0/jtoml-2.0.0.jar:/Users/nakhtar/.m2/repository/net/bytebuddy/byte-buddy/1.12.10/byte-buddy-1.12.10.jar:/Users/nakhtar/.m2/repository/org/apache/commons/commons-exec/1.3/commons-exec-1.3.jar:/Users/nakhtar/.m2/repository/org/asynchttpclient/async-http-client/2.12.3/async-http-client-2.12.3.jar:/Users/nakhtar/.m2/repository/org/asynchttpclient/async-http-client-netty-utils/2.12.3/async-http-client-netty-utils-2.12.3.jar:/Users/nakhtar/.m2/repository/io/netty/netty-codec-socks/4.1.60.Final/netty-codec-socks-4.1.60.Final.jar:/Users/nakhtar/.m2/repository/io/netty/netty-handler-proxy/4.1.60.Final/netty-handler-proxy-4.1.60.Final.jar:/Users/nakhtar/.m2/repository/io/netty/netty-transport-native-epoll/4.1.60.Final/netty-transport-native-epoll-4.1.60.Final-linux-x86_64.jar:/Users/nakhtar/.m2/repository/io/netty/netty-transport-native-kqueue/4.1.60.Final/netty-transport-native-kqueue-4.1.60.Final-osx-x86_64.jar:/Users/nakhtar/.m2/repository/org/reactivestreams/reactive-streams/1.0.3/reactive-streams-1.0.3.jar:/Users/nakhtar/.m2/repository/com/typesafe/netty/netty-reactive-streams/2.0.4/netty-reactive-streams-2.0.4.jar:/Users/nakhtar/.m2/repository/com/sun/activation/jakarta.activation/1.2.2/jakarta.activation-1.2.2.jar:/Users/nakhtar/.m2/repository/org/seleniumhq/selenium/selenium-http/4.4.0/selenium-http-4.4.0.jar:/Users/nakhtar/.m2/repository/dev/failsafe/failsafe/3.2.4/failsafe-3.2.4.jar:/Users/nakhtar/.m2/repository/org/seleniumhq/selenium/selenium-safari-driver/4.4.0/selenium-safari-driver-4.4.0.jar:/Users/nakhtar/.m2/repository/org/seleniumhq/selenium/selenium-support/4.4.0/selenium-support-4.4.0.jar:/Users/nakhtar/.m2/repository/org/seleniumhq/selenium/selenium-devtools-v108/4.7.2/selenium-devtools-v108-4.7.2.jar:/Users/nakhtar/.m2/repository/com/google/auto/service/auto-service-annotations/1.0.1/auto-service-annotations-1.0.1.jar:/Users/nakhtar/.m2/repository/com/google/auto/service/auto-service/1.0.1/auto-service-1.0.1.jar:/Users/nakhtar/.m2/repository/com/google/auto/auto-common/1.2/auto-common-1.2.jar:/Users/nakhtar/.m2/repository/com/google/guava/guava/31.1-jre/guava-31.1-jre.jar:/Users/nakhtar/.m2/repository/com/google/guava/failureaccess/1.0.1/failureaccess-1.0.1.jar:/Users/nakhtar/.m2/repository/com/google/guava/listenablefuture/9999.0-empty-to-avoid-conflict-with-guava/listenablefuture-9999.0-empty-to-avoid-conflict-with-guava.jar:/Users/nakhtar/.m2/repository/com/google/code/findbugs/jsr305/3.0.2/jsr305-3.0.2.jar:/Users/nakhtar/.m2/repository/org/checkerframework/checker-qual/3.12.0/checker-qual-3.12.0.jar:/Users/nakhtar/.m2/repository/com/google/errorprone/error_prone_annotations/2.11.0/error_prone_annotations-2.11.0.jar:/Users/nakhtar/.m2/repository/com/google/j2objc/j2objc-annotations/1.3/j2objc-annotations-1.3.jar:/Users/nakhtar/.m2/repository/org/seleniumhq/selenium/selenium-json/4.7.2/selenium-json-4.7.2.jar:/Users/nakhtar/.m2/repository/io/cucumber/cucumber-junit/7.8.0/cucumber-junit-7.8.0.jar:/Users/nakhtar/.m2/repository/junit/junit/4.13.2/junit-4.13.2.jar:/Users/nakhtar/.m2/repository/org/hamcrest/hamcrest-core/1.3/hamcrest-core-1.3.jar:/Users/nakhtar/.m2/repository/io/github/bonigarcia/webdrivermanager/5.3.0/webdrivermanager-5.3.0.jar:/Users/nakhtar/.m2/repository/org/slf4j/slf4j-api/1.7.36/slf4j-api-1.7.36.jar:/Users/nakhtar/.m2/repository/com/google/code/gson/gson/2.9.1/gson-2.9.1.jar:/Users/nakhtar/.m2/repository/com/github/docker-java/docker-java/3.2.13/docker-java-3.2.13.jar:/Users/nakhtar/.m2/repository/com/github/docker-java/docker-java-core/3.2.13/docker-java-core-3.2.13.jar:/Users/nakhtar/.m2/repository/com/github/docker-java/docker-java-api/3.2.13/docker-java-api-3.2.13.jar:/Users/nakhtar/.m2/repository/com/fasterxml/jackson/core/jackson-annotations/2.10.3/jackson-annotations-2.10.3.jar:/Users/nakhtar/.m2/repository/com/fasterxml/jackson/core/jackson-databind/2.10.3/jackson-databind-2.10.3.jar:/Users/nakhtar/.m2/repository/com/fasterxml/jackson/core/jackson-core/2.10.3/jackson-core-2.10.3.jar:/Users/nakhtar/.m2/repository/org/bouncycastle/bcpkix-jdk15on/1.64/bcpkix-jdk15on-1.64.jar:/Users/nakhtar/.m2/repository/org/bouncycastle/bcprov-jdk15on/1.64/bcprov-jdk15on-1.64.jar:/Users/nakhtar/.m2/repository/org/slf4j/jcl-over-slf4j/1.7.30/jcl-over-slf4j-1.7.30.jar:/Users/nakhtar/.m2/repository/com/github/docker-java/docker-java-transport-httpclient5/3.2.13/docker-java-transport-httpclient5-3.2.13.jar:/Users/nakhtar/.m2/repository/com/github/docker-java/docker-java-transport/3.2.13/docker-java-transport-3.2.13.jar:/Users/nakhtar/.m2/repository/net/java/dev/jna/jna/5.8.0/jna-5.8.0.jar:/Users/nakhtar/.m2/repository/org/brotli/dec/0.1.2/dec-0.1.2.jar:/Users/nakhtar/.m2/repository/org/apache/commons/commons-lang3/3.12.0/commons-lang3-3.12.0.jar:/Users/nakhtar/.m2/repository/org/apache/httpcomponents/client5/httpclient5/5.1.3/httpclient5-5.1.3.jar:/Users/nakhtar/.m2/repository/org/apache/httpcomponents/core5/httpcore5/5.1.3/httpcore5-5.1.3.jar:/Users/nakhtar/.m2/repository/org/apache/httpcomponents/core5/httpcore5-h2/5.1.3/httpcore5-h2-5.1.3.jar:/Users/nakhtar/.m2/repository/org/apache/poi/poi/5.2.3/poi-5.2.3.jar:/Users/nakhtar/.m2/repository/commons-codec/commons-codec/1.15/commons-codec-1.15.jar:/Users/nakhtar/.m2/repository/org/apache/commons/commons-collections4/4.4/commons-collections4-4.4.jar:/Users/nakhtar/.m2/repository/org/apache/commons/commons-math3/3.6.1/commons-math3-3.6.1.jar:/Users/nakhtar/.m2/repository/com/zaxxer/SparseBitSet/1.2/SparseBitSet-1.2.jar:/Users/nakhtar/.m2/repository/org/apache/logging/log4j/log4j-api/2.18.0/log4j-api-2.18.0.jar:/Users/nakhtar/.m2/repository/org/apache/poi/poi-ooxml/5.2.3/poi-ooxml-5.2.3.jar:/Users/nakhtar/.m2/repository/org/apache/poi/poi-ooxml-lite/5.2.3/poi-ooxml-lite-5.2.3.jar:/Users/nakhtar/.m2/repository/org/apache/xmlbeans/xmlbeans/5.1.1/xmlbeans-5.1.1.jar:/Users/nakhtar/.m2/repository/org/apache/commons/commons-compress/1.21/commons-compress-1.21.jar:/Users/nakhtar/.m2/repository/com/github/virtuald/curvesapi/1.07/curvesapi-1.07.jar:/Users/nakhtar/.m2/repository/mysql/mysql-connector-java/8.0.30/mysql-connector-java-8.0.30.jar:/Users/nakhtar/.m2/repository/com/google/protobuf/protobuf-java/3.19.4/protobuf-java-3.19.4.jar:/Users/nakhtar/.m2/repository/commons-io/commons-io/2.11.0/commons-io-2.11.0.jar:/Users/nakhtar/.m2/repository/org/yaml/snakeyaml/1.33/snakeyaml-1.33.jar:/Users/nakhtar/.m2/repository/log4j/log4j/1.2.17/log4j-1.2.17.jar:/Users/nakhtar/.m2/repository/net/datafaker/datafaker/1.8.0/datafaker-1.8.0.jar:/Users/nakhtar/.m2/repository/com/github/mifmif/generex/1.0.2/generex-1.0.2.jar:/Users/nakhtar/.m2/repository/dk/brics/automaton/automaton/1.11-8/automaton-1.11-8.jar:"/>
    <property name="java.vm.vendor" value="Eclipse Adoptium"/>
    <property name="sun.arch.data.model" value="64"/>
    <property name="java.vendor.url" value="https://adoptium.net/"/>
    <property name="os.name" value="Mac OS X"/>
    <property name="java.vm.specification.version" value="17"/>
    <property name="sun.java.launcher" value="SUN_STANDARD"/>
    <property name="user.country" value="US"/>
    <property name="sun.boot.library.path" value="/Users/nakhtar/.p2/pool/plugins/org.eclipse.justj.openjdk.hotspot.jre.full.macosx.x86_64_17.0.4.v20221004-1257/jre/lib"/>
    <property name="sun.java.command" value="/Users/nakhtar/eclipse-workspace/tek-bbd-framework/target/surefire/surefirebooter-20230327180108020_3.jar /Users/nakhtar/eclipse-workspace/tek-bbd-framework/target/surefire 2023-03-27T18-01-07_458-jvmRun1 surefire-20230327180108020_1tmp surefire_0-20230327180108020_2tmp"/>
    <property name="http.nonProxyHosts" value="local|*.local|169.254/16|*.169.254/16"/>
    <property name="jdk.debug" value="release"/>
    <property name="surefire.test.class.path" value="/Users/nakhtar/eclipse-workspace/tek-bbd-framework/target/test-classes:/Users/nakhtar/eclipse-workspace/tek-bbd-framework/target/classes:/Users/nakhtar/.m2/repository/io/cucumber/cucumber-java/7.0.0/cucumber-java-7.0.0.jar:/Users/nakhtar/.m2/repository/io/cucumber/cucumber-core/7.0.0/cucumber-core-7.0.0.jar:/Users/nakhtar/.m2/repository/io/cucumber/cucumber-gherkin/7.0.0/cucumber-gherkin-7.0.0.jar:/Users/nakhtar/.m2/repository/io/cucumber/cucumber-gherkin-messages/7.0.0/cucumber-gherkin-messages-7.0.0.jar:/Users/nakhtar/.m2/repository/io/cucumber/messages/17.1.1/messages-17.1.1.jar:/Users/nakhtar/.m2/repository/io/cucumber/tag-expressions/4.0.2/tag-expressions-4.0.2.jar:/Users/nakhtar/.m2/repository/io/cucumber/cucumber-expressions/13.0.1/cucumber-expressions-13.0.1.jar:/Users/nakhtar/.m2/repository/io/cucumber/datatable/7.0.0/datatable-7.0.0.jar:/Users/nakhtar/.m2/repository/io/cucumber/cucumber-plugin/7.0.0/cucumber-plugin-7.0.0.jar:/Users/nakhtar/.m2/repository/io/cucumber/docstring/7.0.0/docstring-7.0.0.jar:/Users/nakhtar/.m2/repository/io/cucumber/html-formatter/17.0.0/html-formatter-17.0.0.jar:/Users/nakhtar/.m2/repository/io/cucumber/create-meta/6.0.1/create-meta-6.0.1.jar:/Users/nakhtar/.m2/repository/org/apiguardian/apiguardian-api/1.1.2/apiguardian-api-1.1.2.jar:/Users/nakhtar/.m2/repository/org/seleniumhq/selenium/selenium-java/4.4.0/selenium-java-4.4.0.jar:/Users/nakhtar/.m2/repository/org/seleniumhq/selenium/selenium-api/4.4.0/selenium-api-4.4.0.jar:/Users/nakhtar/.m2/repository/org/seleniumhq/selenium/selenium-chrome-driver/4.4.0/selenium-chrome-driver-4.4.0.jar:/Users/nakhtar/.m2/repository/org/seleniumhq/selenium/selenium-chromium-driver/4.4.0/selenium-chromium-driver-4.4.0.jar:/Users/nakhtar/.m2/repository/org/seleniumhq/selenium/selenium-devtools-v102/4.4.0/selenium-devtools-v102-4.4.0.jar:/Users/nakhtar/.m2/repository/org/seleniumhq/selenium/selenium-devtools-v103/4.4.0/selenium-devtools-v103-4.4.0.jar:/Users/nakhtar/.m2/repository/org/seleniumhq/selenium/selenium-devtools-v104/4.4.0/selenium-devtools-v104-4.4.0.jar:/Users/nakhtar/.m2/repository/org/seleniumhq/selenium/selenium-devtools-v85/4.4.0/selenium-devtools-v85-4.4.0.jar:/Users/nakhtar/.m2/repository/org/seleniumhq/selenium/selenium-edge-driver/4.4.0/selenium-edge-driver-4.4.0.jar:/Users/nakhtar/.m2/repository/org/seleniumhq/selenium/selenium-firefox-driver/4.4.0/selenium-firefox-driver-4.4.0.jar:/Users/nakhtar/.m2/repository/org/seleniumhq/selenium/selenium-ie-driver/4.4.0/selenium-ie-driver-4.4.0.jar:/Users/nakhtar/.m2/repository/org/seleniumhq/selenium/selenium-opera-driver/4.4.0/selenium-opera-driver-4.4.0.jar:/Users/nakhtar/.m2/repository/org/seleniumhq/selenium/selenium-remote-driver/4.4.0/selenium-remote-driver-4.4.0.jar:/Users/nakhtar/.m2/repository/com/beust/jcommander/1.82/jcommander-1.82.jar:/Users/nakhtar/.m2/repository/io/netty/netty-buffer/4.1.78.Final/netty-buffer-4.1.78.Final.jar:/Users/nakhtar/.m2/repository/io/netty/netty-codec-http/4.1.78.Final/netty-codec-http-4.1.78.Final.jar:/Users/nakhtar/.m2/repository/io/netty/netty-codec/4.1.78.Final/netty-codec-4.1.78.Final.jar:/Users/nakhtar/.m2/repository/io/netty/netty-handler/4.1.78.Final/netty-handler-4.1.78.Final.jar:/Users/nakhtar/.m2/repository/io/netty/netty-common/4.1.78.Final/netty-common-4.1.78.Final.jar:/Users/nakhtar/.m2/repository/io/netty/netty-transport-classes-epoll/4.1.78.Final/netty-transport-classes-epoll-4.1.78.Final.jar:/Users/nakhtar/.m2/repository/io/netty/netty-transport-classes-kqueue/4.1.78.Final/netty-transport-classes-kqueue-4.1.78.Final.jar:/Users/nakhtar/.m2/repository/io/netty/netty-transport-native-epoll/4.1.78.Final/netty-transport-native-epoll-4.1.78.Final.jar:/Users/nakhtar/.m2/repository/io/netty/netty-transport-native-kqueue/4.1.78.Final/netty-transport-native-kqueue-4.1.78.Final.jar:/Users/nakhtar/.m2/repository/io/netty/netty-transport-native-unix-common/4.1.78.Final/netty-transport-native-unix-common-4.1.78.Final.jar:/Users/nakhtar/.m2/repository/io/netty/netty-transport/4.1.78.Final/netty-transport-4.1.78.Final.jar:/Users/nakhtar/.m2/repository/io/netty/netty-resolver/4.1.78.Final/netty-resolver-4.1.78.Final.jar:/Users/nakhtar/.m2/repository/io/opentelemetry/opentelemetry-api/1.16.0/opentelemetry-api-1.16.0.jar:/Users/nakhtar/.m2/repository/io/opentelemetry/opentelemetry-context/1.16.0/opentelemetry-context-1.16.0.jar:/Users/nakhtar/.m2/repository/io/opentelemetry/opentelemetry-exporter-logging/1.16.0/opentelemetry-exporter-logging-1.16.0.jar:/Users/nakhtar/.m2/repository/io/opentelemetry/opentelemetry-sdk-metrics/1.16.0/opentelemetry-sdk-metrics-1.16.0.jar:/Users/nakhtar/.m2/repository/io/opentelemetry/opentelemetry-sdk-logs/1.16.0-alpha/opentelemetry-sdk-logs-1.16.0-alpha.jar:/Users/nakhtar/.m2/repository/io/opentelemetry/opentelemetry-sdk-common/1.16.0/opentelemetry-sdk-common-1.16.0.jar:/Users/nakhtar/.m2/repository/io/opentelemetry/opentelemetry-sdk-extension-autoconfigure-spi/1.16.0/opentelemetry-sdk-extension-autoconfigure-spi-1.16.0.jar:/Users/nakhtar/.m2/repository/io/opentelemetry/opentelemetry-sdk-extension-autoconfigure/1.16.0-alpha/opentelemetry-sdk-extension-autoconfigure-1.16.0-alpha.jar:/Users/nakhtar/.m2/repository/io/opentelemetry/opentelemetry-sdk-trace/1.16.0/opentelemetry-sdk-trace-1.16.0.jar:/Users/nakhtar/.m2/repository/io/opentelemetry/opentelemetry-sdk/1.16.0/opentelemetry-sdk-1.16.0.jar:/Users/nakhtar/.m2/repository/io/opentelemetry/opentelemetry-semconv/1.16.0-alpha/opentelemetry-semconv-1.16.0-alpha.jar:/Users/nakhtar/.m2/repository/io/ous/jtoml/2.0.0/jtoml-2.0.0.jar:/Users/nakhtar/.m2/repository/net/bytebuddy/byte-buddy/1.12.10/byte-buddy-1.12.10.jar:/Users/nakhtar/.m2/repository/org/apache/commons/commons-exec/1.3/commons-exec-1.3.jar:/Users/nakhtar/.m2/repository/org/asynchttpclient/async-http-client/2.12.3/async-http-client-2.12.3.jar:/Users/nakhtar/.m2/repository/org/asynchttpclient/async-http-client-netty-utils/2.12.3/async-http-client-netty-utils-2.12.3.jar:/Users/nakhtar/.m2/repository/io/netty/netty-codec-socks/4.1.60.Final/netty-codec-socks-4.1.60.Final.jar:/Users/nakhtar/.m2/repository/io/netty/netty-handler-proxy/4.1.60.Final/netty-handler-proxy-4.1.60.Final.jar:/Users/nakhtar/.m2/repository/io/netty/netty-transport-native-epoll/4.1.60.Final/netty-transport-native-epoll-4.1.60.Final-linux-x86_64.jar:/Users/nakhtar/.m2/repository/io/netty/netty-transport-native-kqueue/4.1.60.Final/netty-transport-native-kqueue-4.1.60.Final-osx-x86_64.jar:/Users/nakhtar/.m2/repository/org/reactivestreams/reactive-streams/1.0.3/reactive-streams-1.0.3.jar:/Users/nakhtar/.m2/repository/com/typesafe/netty/netty-reactive-streams/2.0.4/netty-reactive-streams-2.0.4.jar:/Users/nakhtar/.m2/repository/com/sun/activation/jakarta.activation/1.2.2/jakarta.activation-1.2.2.jar:/Users/nakhtar/.m2/repository/org/seleniumhq/selenium/selenium-http/4.4.0/selenium-http-4.4.0.jar:/Users/nakhtar/.m2/repository/dev/failsafe/failsafe/3.2.4/failsafe-3.2.4.jar:/Users/nakhtar/.m2/repository/org/seleniumhq/selenium/selenium-safari-driver/4.4.0/selenium-safari-driver-4.4.0.jar:/Users/nakhtar/.m2/repository/org/seleniumhq/selenium/selenium-support/4.4.0/selenium-support-4.4.0.jar:/Users/nakhtar/.m2/repository/org/seleniumhq/selenium/selenium-devtools-v108/4.7.2/selenium-devtools-v108-4.7.2.jar:/Users/nakhtar/.m2/repository/com/google/auto/service/auto-service-annotations/1.0.1/auto-service-annotations-1.0.1.jar:/Users/nakhtar/.m2/repository/com/google/auto/service/auto-service/1.0.1/auto-service-1.0.1.jar:/Users/nakhtar/.m2/repository/com/google/auto/auto-common/1.2/auto-common-1.2.jar:/Users/nakhtar/.m2/repository/com/google/guava/guava/31.1-jre/guava-31.1-jre.jar:/Users/nakhtar/.m2/repository/com/google/guava/failureaccess/1.0.1/failureaccess-1.0.1.jar:/Users/nakhtar/.m2/repository/com/google/guava/listenablefuture/9999.0-empty-to-avoid-conflict-with-guava/listenablefuture-9999.0-empty-to-avoid-conflict-with-guava.jar:/Users/nakhtar/.m2/repository/com/google/code/findbugs/jsr305/3.0.2/jsr305-3.0.2.jar:/Users/nakhtar/.m2/repository/org/checkerframework/checker-qual/3.12.0/checker-qual-3.12.0.jar:/Users/nakhtar/.m2/repository/com/google/errorprone/error_prone_annotations/2.11.0/error_prone_annotations-2.11.0.jar:/Users/nakhtar/.m2/repository/com/google/j2objc/j2objc-annotations/1.3/j2objc-annotations-1.3.jar:/Users/nakhtar/.m2/repository/org/seleniumhq/selenium/selenium-json/4.7.2/selenium-json-4.7.2.jar:/Users/nakhtar/.m2/repository/io/cucumber/cucumber-junit/7.8.0/cucumber-junit-7.8.0.jar:/Users/nakhtar/.m2/repository/junit/junit/4.13.2/junit-4.13.2.jar:/Users/nakhtar/.m2/repository/org/hamcrest/hamcrest-core/1.3/hamcrest-core-1.3.jar:/Users/nakhtar/.m2/repository/io/github/bonigarcia/webdrivermanager/5.3.0/webdrivermanager-5.3.0.jar:/Users/nakhtar/.m2/repository/org/slf4j/slf4j-api/1.7.36/slf4j-api-1.7.36.jar:/Users/nakhtar/.m2/repository/com/google/code/gson/gson/2.9.1/gson-2.9.1.jar:/Users/nakhtar/.m2/repository/com/github/docker-java/docker-java/3.2.13/docker-java-3.2.13.jar:/Users/nakhtar/.m2/repository/com/github/docker-java/docker-java-core/3.2.13/docker-java-core-3.2.13.jar:/Users/nakhtar/.m2/repository/com/github/docker-java/docker-java-api/3.2.13/docker-java-api-3.2.13.jar:/Users/nakhtar/.m2/repository/com/fasterxml/jackson/core/jackson-annotations/2.10.3/jackson-annotations-2.10.3.jar:/Users/nakhtar/.m2/repository/com/fasterxml/jackson/core/jackson-databind/2.10.3/jackson-databind-2.10.3.jar:/Users/nakhtar/.m2/repository/com/fasterxml/jackson/core/jackson-core/2.10.3/jackson-core-2.10.3.jar:/Users/nakhtar/.m2/repository/org/bouncycastle/bcpkix-jdk15on/1.64/bcpkix-jdk15on-1.64.jar:/Users/nakhtar/.m2/repository/org/bouncycastle/bcprov-jdk15on/1.64/bcprov-jdk15on-1.64.jar:/Users/nakhtar/.m2/repository/org/slf4j/jcl-over-slf4j/1.7.30/jcl-over-slf4j-1.7.30.jar:/Users/nakhtar/.m2/repository/com/github/docker-java/docker-java-transport-httpclient5/3.2.13/docker-java-transport-httpclient5-3.2.13.jar:/Users/nakhtar/.m2/repository/com/github/docker-java/docker-java-transport/3.2.13/docker-java-transport-3.2.13.jar:/Users/nakhtar/.m2/repository/net/java/dev/jna/jna/5.8.0/jna-5.8.0.jar:/Users/nakhtar/.m2/repository/org/brotli/dec/0.1.2/dec-0.1.2.jar:/Users/nakhtar/.m2/repository/org/apache/commons/commons-lang3/3.12.0/commons-lang3-3.12.0.jar:/Users/nakhtar/.m2/repository/org/apache/httpcomponents/client5/httpclient5/5.1.3/httpclient5-5.1.3.jar:/Users/nakhtar/.m2/repository/org/apache/httpcomponents/core5/httpcore5/5.1.3/httpcore5-5.1.3.jar:/Users/nakhtar/.m2/repository/org/apache/httpcomponents/core5/httpcore5-h2/5.1.3/httpcore5-h2-5.1.3.jar:/Users/nakhtar/.m2/repository/org/apache/poi/poi/5.2.3/poi-5.2.3.jar:/Users/nakhtar/.m2/repository/commons-codec/commons-codec/1.15/commons-codec-1.15.jar:/Users/nakhtar/.m2/repository/org/apache/commons/commons-collections4/4.4/commons-collections4-4.4.jar:/Users/nakhtar/.m2/repository/org/apache/commons/commons-math3/3.6.1/commons-math3-3.6.1.jar:/Users/nakhtar/.m2/repository/com/zaxxer/SparseBitSet/1.2/SparseBitSet-1.2.jar:/Users/nakhtar/.m2/repository/org/apache/logging/log4j/log4j-api/2.18.0/log4j-api-2.18.0.jar:/Users/nakhtar/.m2/repository/org/apache/poi/poi-ooxml/5.2.3/poi-ooxml-5.2.3.jar:/Users/nakhtar/.m2/repository/org/apache/poi/poi-ooxml-lite/5.2.3/poi-ooxml-lite-5.2.3.jar:/Users/nakhtar/.m2/repository/org/apache/xmlbeans/xmlbeans/5.1.1/xmlbeans-5.1.1.jar:/Users/nakhtar/.m2/repository/org/apache/commons/commons-compress/1.21/commons-compress-1.21.jar:/Users/nakhtar/.m2/repository/com/github/virtuald/curvesapi/1.07/curvesapi-1.07.jar:/Users/nakhtar/.m2/repository/mysql/mysql-connector-java/8.0.30/mysql-connector-java-8.0.30.jar:/Users/nakhtar/.m2/repository/com/google/protobuf/protobuf-java/3.19.4/protobuf-java-3.19.4.jar:/Users/nakhtar/.m2/repository/commons-io/commons-io/2.11.0/commons-io-2.11.0.jar:/Users/nakhtar/.m2/repository/org/yaml/snakeyaml/1.33/snakeyaml-1.33.jar:/Users/nakhtar/.m2/repository/log4j/log4j/1.2.17/log4j-1.2.17.jar:/Users/nakhtar/.m2/repository/net/datafaker/datafaker/1.8.0/datafaker-1.8.0.jar:/Users/nakhtar/.m2/repository/com/github/mifmif/generex/1.0.2/generex-1.0.2.jar:/Users/nakhtar/.m2/repository/dk/brics/automaton/automaton/1.11-8/automaton-1.11-8.jar:"/>
    <property name="sun.cpu.endian" value="little"/>
    <property name="user.home" value="/Users/nakhtar"/>
    <property name="user.language" value="en"/>
    <property name="java.specification.vendor" value="Oracle Corporation"/>
    <property name="java.version.date" value="2022-08-12"/>
    <property name="java.home" value="/Users/nakhtar/.p2/pool/plugins/org.eclipse.justj.openjdk.hotspot.jre.full.macosx.x86_64_17.0.4.v20221004-1257/jre"/>
    <property name="file.separator" value="/"/>
    <property name="style.color" value="always"/>
    <property name="basedir" value="/Users/nakhtar/eclipse-workspace/tek-bbd-framework"/>
    <property name="java.vm.compressedOopsMode" value="Zero based"/>
    <property name="line.separator" value="&#10;"/>
    <property name="java.vm.specification.vendor" value="Oracle Corporation"/>
    <property name="java.specification.name" value="Java Platform API Specification"/>
    <property name="surefire.real.class.path" value="/Users/nakhtar/eclipse-workspace/tek-bbd-framework/target/surefire/surefirebooter-20230327180108020_3.jar"/>
    <property name="sun.management.compiler" value="HotSpot 64-Bit Tiered Compilers"/>
    <property name="ftp.nonProxyHosts" value="local|*.local|169.254/16|*.169.254/16"/>
    <property name="java.runtime.version" value="17.0.4.1+1"/>
    <property name="user.name" value="nakhtar"/>
    <property name="path.separator" value=":"/>
    <property name="os.version" value="13.2.1"/>
    <property name="java.runtime.name" value="OpenJDK Runtime Environment"/>
    <property name="file.encoding" value="UTF-8"/>
    <property name="java.vm.name" value="OpenJDK 64-Bit Server VM"/>
    <property name="java.vendor.version" value="Temurin-17.0.4.1+1"/>
    <property name="localRepository" value="/Users/nakhtar/.m2/repository"/>
    <property name="java.vendor.url.bug" value="https://github.com/adoptium/adoptium-support/issues"/>
    <property name="java.io.tmpdir" value="/var/folders/sn/q0y3v4_x01z920510kt961v40000gn/T/"/>
    <property name="java.version" value="17.0.4.1"/>
    <property name="user.dir" value="/Users/nakhtar/eclipse-workspace/tek-bbd-framework"/>
    <property name="os.arch" value="x86_64"/>
    <property name="java.vm.specification.name" value="Java Virtual Machine Specification"/>
    <property name="native.encoding" value="UTF-8"/>
    <property name="java.library.path" value="/Users/nakhtar/Library/Java/Extensions:/Library/Java/Extensions:/Network/Library/Java/Extensions:/System/Library/Java/Extensions:/usr/lib/java:."/>
    <property name="java.vm.info" value="mixed mode"/>
    <property name="java.vendor" value="Eclipse Adoptium"/>
    <property name="java.vm.version" value="17.0.4.1+1"/>
    <property name="sun.io.unicode.encoding" value="UnicodeBig"/>
    <property name="socksNonProxyHosts" value="local|*.local|169.254/16|*.169.254/16"/>
    <property name="java.class.version" value="61.0"/>
  </properties>
  <testcase name="user can place an order witout Shipping address and payment method on file" classname="Order page" time="21.665">
    <system-out><![CDATA[
@12321235g
Scenario: user can place an order witout Shipping address and payment method on file # features/retailOrder.feature:11
 INFO [main] (SignInSteps.java:21)- user is on retail website
 INFO [main] (SignInSteps.java:22)- Actual title React App equals ExpectedTitle React App
  Given User is on tek retail website                                                # tek.sdet.framework.steps.SignInSteps.userIsOnRetailWebsite()
 INFO [main] (SignInSteps.java:29)- User clicked on Sign In button
  When User click on signIn button                                                   # tek.sdet.framework.steps.SignInSteps.userClickOnSignInButton()
 INFO [main] (SignInSteps.java:35)- Info Entered
  And User enters email 'n@gmail.com' and password 'Jesus22@'                        # tek.sdet.framework.steps.SignInSteps.userEntersEmailAndPassword(java.lang.String,java.lang.String)
 INFO [main] (SignInSteps.java:41)- User clicked on login button
  And User click on login button                                                     # tek.sdet.framework.steps.SignInSteps.userClickOnLoginButton()
 INFO [main] (SignInSteps.java:47)- User is logged in
  And User should logged in into the page                                            # tek.sdet.framework.steps.SignInSteps.userShouldLoggedInIntoThePage()
 INFO [main] (OrderSteps.java:23)- User seleted the Home Smart category
  And User change the category to 'Smart Home'                                       # tek.sdet.framework.steps.OrderSteps.userChangeTheCategoryTo(java.lang.String)
 INFO [main] (OrderSteps.java:28)- User typed the product name in search bar
  And User search for an item 'kasa outdoor smart plug'                              # tek.sdet.framework.steps.OrderSteps.userSearchForAnItem(java.lang.String)
 INFO [main] (OrderSteps.java:34)- User clicked on search button
  And User click on Search icon                                                      # tek.sdet.framework.steps.OrderSteps.userClickOnSearchIcon()
 INFO [main] (OrderSteps.java:41)- User clicked on the searched product
  And User click on item                                                             # tek.sdet.framework.steps.OrderSteps.userClickOnItem()
 INFO [main] (OrderSteps.java:48)- User selected the quantity (2)
  And User select quantity 2                                                         # tek.sdet.framework.steps.OrderSteps.userSelectQuantity(int)
 INFO [main] (OrderSteps.java:53)- User clicked on add to cart button
  And User click add to Cart button                                                  # tek.sdet.framework.steps.OrderSteps.userClickAddToCartButton()
 INFO [main] (OrderSteps.java:60)- The quantity is 2 
  And the cart icon quantity should change to 2                                      # tek.sdet.framework.steps.OrderSteps.theCartIconQuantityShouldChangeTo(java.lang.Integer)
 INFO [main] (OrderSteps.java:70)- User clicked on Cart
  And User click on Cart option                                                      # tek.sdet.framework.steps.OrderSteps.userClickOnCartOption()
 INFO [main] (OrderSteps.java:77)- User clicked on proceed to checkout
  And User click on Proceed to Checkout button                                       # tek.sdet.framework.steps.OrderSteps.userClickOnProceedToCheckoutButton()
 INFO [main] (OrderSteps.java:82)- User clicked on Add new address link
  And User click Add a new address link for shipping address                         # tek.sdet.framework.steps.OrderSteps.userClickAddANewAddressLinkForShippingAddress()
 INFO [main] (OrderSteps.java:97)- User filled the address Information
  And User fill new address form with below information                              # tek.sdet.framework.steps.OrderSteps.userFillNewAddressFormWithBelowInformation(io.cucumber.datatable.DataTable)
    | country        | fullName   | phoneNumber | streetAddress   | apt | city    | state | zipCode |
    | United Kingdom | Zafar Asar | 3452342534  | 1345 houston dr | 35  | Houston | Angus | 77034   |
 INFO [main] (OrderSteps.java:103)- User click on add address button
  And User click Add Your Address btn                                                # tek.sdet.framework.steps.OrderSteps.userClickAddYourAddressBtn()
 INFO [main] (OrderSteps.java:117)- User clicked on add credit or debit card link
  And User click Add a credit card or Debit Card for Payment method                  # tek.sdet.framework.steps.OrderSteps.userClickAddACreditCardOrDebitCardForPaymentMethod()
 INFO [main] (OrderSteps.java:129)- User added payment information
  And User fill Debit or credit card information                                     # tek.sdet.framework.steps.OrderSteps.userFillDebitOrCreditCardInformation(io.cucumber.datatable.DataTable)
    | cardNumber       | nameOnCard    | expirationMonth | expirationYear | securityCode |
    | 4433212345432123 | Yasin Godarzi | 6               | 2025           | 123          |
 INFO [main] (OrderSteps.java:137)- User clicked add your card button
  And User click on Add your card button                                             # tek.sdet.framework.steps.OrderSteps.userClickOnAddYourCardButton()
 INFO [main] (OrderSteps.java:142)- User clicked on Place Your Order button
  And User click on Place Your Order                                                 # tek.sdet.framework.steps.OrderSteps.userClickOnPlaceYourOrder()
 INFO [main] (OrderSteps.java:148)- USER SUCCESSFULLY PLACED AN ORDER WITHOUT SHIPPING AND PAYMENT METHOD ON FILE
  Then a message should be displayed ‘Order Placed, Thanks’                          # tek.sdet.framework.steps.OrderSteps.aMessageShouldBeDisplayedOrderPlacedThanks()
]]></system-out>
    <system-err><![CDATA[SLF4J: Failed to load class "org.slf4j.impl.StaticLoggerBinder".
SLF4J: Defaulting to no-operation (NOP) logger implementation
SLF4J: See http://www.slf4j.org/codes.html#StaticLoggerBinder for further details.
ERROR StatusLogger Log4j2 could not find a logging implementation. Please add log4j-core to the classpath. Using SimpleLogger to log to the console...
1679958070806	geckodriver	INFO	Listening on 127.0.0.1:56371
1679958071095	mozrunner::runner	INFO	Running command: "/Applications/Firefox.app/Contents/MacOS/firefox-bin" "--marionette" "--remote-debugging-port" "54286" "--r ... alhost:54286/" "-foreground" "-no-remote" "-profile" "/var/folders/sn/q0y3v4_x01z920510kt961v40000gn/T/rust_mozprofileYh8HIO"
console.warn: services.settings: Ignoring preference override of remote settings server
console.warn: services.settings: Allow by setting MOZ_REMOTE_SETTINGS_DEVTOOLS=1 in the environment
1679958071592	Marionette	INFO	Marionette enabled
1679958071699	Marionette	INFO	Listening on port 63486
Read port: 63486
console.error: "Warning: unrecognized command line flag -remote-allow-hosts\n"
console.error: "Warning: unrecognized command line flag -remote-allow-origins\n"
WebDriver BiDi listening on ws://127.0.0.1:54286
1679958071900	RemoteAgent	WARN	TLS certificate errors will be ignored for this session
console.warn: SearchSettings: "get: No settings file exists, new profile?" (new NotFoundError("Could not open the file at /var/folders/sn/q0y3v4_x01z920510kt961v40000gn/T/rust_mozprofileYh8HIO/search.json.mozlz4", (void 0)))
DevTools listening on ws://127.0.0.1:54286/devtools/browser/6bb4e7eb-d6d5-417e-8a3c-98e17be81b74
Mar 27, 2023 6:01:13 PM org.openqa.selenium.remote.ProtocolHandshake createSession
INFO: Detected upstream dialect: W3C
console.warn: LoginRecipes: "Falling back to a synchronous message for: https://tek-retail-ui.azurewebsites.net."
console.warn: LoginRecipes: "Falling back to a synchronous message for: https://tek-retail-ui.azurewebsites.net."
JavaScript error: resource://gre/modules/XULStore.jsm, line 58: Error: Can't find profile directory.
JavaScript error: resource://gre/modules/XULStore.jsm, line 58: Error: Can't find profile directory.
console.warn: FormAutofillHandler: isRecordCreatable: Country not supported: GB
1679958090565	Marionette	INFO	Stopped listening on port 63486
]]></system-err>
  </testcase>
  <testcase name="Verify User can place an order with Shipping address and payment Method on file" classname="Order page" time="10.063">
    <system-out><![CDATA[
@12321235g
Scenario: Verify User can place an order with Shipping address and payment Method on file # features/retailOrder.feature:34
 INFO [main] (SignInSteps.java:21)- user is on retail website
 INFO [main] (SignInSteps.java:22)- Actual title React App equals ExpectedTitle React App
  Given User is on tek retail website                                                     # tek.sdet.framework.steps.SignInSteps.userIsOnRetailWebsite()
 INFO [main] (SignInSteps.java:29)- User clicked on Sign In button
  When User click on signIn button                                                        # tek.sdet.framework.steps.SignInSteps.userClickOnSignInButton()
 INFO [main] (SignInSteps.java:35)- Info Entered
  And User enters email 'n@gmail.com' and password 'Jesus22@'                             # tek.sdet.framework.steps.SignInSteps.userEntersEmailAndPassword(java.lang.String,java.lang.String)
 INFO [main] (SignInSteps.java:41)- User clicked on login button
  And User click on login button                                                          # tek.sdet.framework.steps.SignInSteps.userClickOnLoginButton()
 INFO [main] (SignInSteps.java:47)- User is logged in
  And User should logged in into the page                                                 # tek.sdet.framework.steps.SignInSteps.userShouldLoggedInIntoThePage()
 INFO [main] (OrderSteps.java:155)- User changed the category to Electronics
  Given User change the category 'Electronics'                                            # tek.sdet.framework.steps.OrderSteps.userChangeTheCategory(java.lang.String)
 INFO [main] (OrderSteps.java:28)- User typed the product name in search bar
  And User search for an item 'Apex Legends'                                              # tek.sdet.framework.steps.OrderSteps.userSearchForAnItem(java.lang.String)
 INFO [main] (OrderSteps.java:34)- User clicked on search button
  And User click on Search icon                                                           # tek.sdet.framework.steps.OrderSteps.userClickOnSearchIcon()
 INFO [main] (OrderSteps.java:162)- User clicked on Apex Legend product
  And User click on item option                                                           # tek.sdet.framework.steps.OrderSteps.userClickOnItemOption()
 INFO [main] (OrderSteps.java:168)- User changed the quantity to 5
  And User select quantity to 5                                                           # tek.sdet.framework.steps.OrderSteps.userSelectQuantityTo(java.lang.Integer)
 INFO [main] (OrderSteps.java:53)- User clicked on add to cart button
  And User click add to Cart button                                                       # tek.sdet.framework.steps.OrderSteps.userClickAddToCartButton()
 INFO [main] (OrderSteps.java:174)- The cart quantity changed to 5
  Then the cart icon quantity should changed to 5                                         # tek.sdet.framework.steps.OrderSteps.theCartIconQuantityShouldChangedTo(java.lang.Integer)
 INFO [main] (OrderSteps.java:70)- User clicked on Cart
  And User click on Cart option                                                           # tek.sdet.framework.steps.OrderSteps.userClickOnCartOption()
 INFO [main] (OrderSteps.java:77)- User clicked on proceed to checkout
  And User click on Proceed to Checkout button                                            # tek.sdet.framework.steps.OrderSteps.userClickOnProceedToCheckoutButton()
 INFO [main] (OrderSteps.java:142)- User clicked on Place Your Order button
  And User click on Place Your Order                                                      # tek.sdet.framework.steps.OrderSteps.userClickOnPlaceYourOrder()
 INFO [main] (OrderSteps.java:180)- USER SUCCESSFULLY PLACED AN ORDER WITH THE SHIPPING AND PAYMENT METHOD ON FILE
  Then Message should be displayed: ‘Order Placed, Thanks’                                # tek.sdet.framework.steps.OrderSteps.messageShouldBeDisplayedOrderPlacedThanks()
]]></system-out>
    <system-err><![CDATA[1679958091237	geckodriver	INFO	Listening on 127.0.0.1:49881
1679958091318	mozrunner::runner	INFO	Running command: "/Applications/Firefox.app/Contents/MacOS/firefox-bin" "--marionette" "--remote-debugging-port" "55512" "--r ... alhost:55512/" "-foreground" "-no-remote" "-profile" "/var/folders/sn/q0y3v4_x01z920510kt961v40000gn/T/rust_mozprofile1VKzVV"
console.warn: services.settings: Ignoring preference override of remote settings server
console.warn: services.settings: Allow by setting MOZ_REMOTE_SETTINGS_DEVTOOLS=1 in the environment
1679958091848	Marionette	INFO	Marionette enabled
1679958091951	Marionette	INFO	Listening on port 63611
console.error: "Warning: unrecognized command line flag -remote-allow-hosts\n"
console.error: "Warning: unrecognized command line flag -remote-allow-origins\n"
WebDriver BiDi listening on ws://127.0.0.1:55512
Read port: 63611
1679958092261	RemoteAgent	WARN	TLS certificate errors will be ignored for this session
console.warn: SearchSettings: "get: No settings file exists, new profile?" (new NotFoundError("Could not open the file at /var/folders/sn/q0y3v4_x01z920510kt961v40000gn/T/rust_mozprofile1VKzVV/search.json.mozlz4", (void 0)))
DevTools listening on ws://127.0.0.1:55512/devtools/browser/5ca34e2f-2879-4f29-83fc-fbc4b00034ba
Mar 27, 2023 6:01:33 PM org.openqa.selenium.remote.ProtocolHandshake createSession
INFO: Detected upstream dialect: W3C
console.warn: LoginRecipes: "Falling back to a synchronous message for: https://tek-retail-ui.azurewebsites.net."
console.warn: LoginRecipes: "Falling back to a synchronous message for: https://tek-retail-ui.azurewebsites.net."
JavaScript error: resource://gre/modules/XULStore.jsm, line 58: Error: Can't find profile directory.
JavaScript error: resource://gre/modules/XULStore.jsm, line 58: Error: Can't find profile directory.
1679958100689	Marionette	INFO	Stopped listening on port 63611
]]></system-err>
  </testcase>
  <testcase name="Verify User can cancel the order" classname="Order page" time="17.741">
    <system-out><![CDATA[
@12321235g
Scenario: Verify User can cancel the order                                       # features/retailOrder.feature:47
 INFO [main] (SignInSteps.java:21)- user is on retail website
 INFO [main] (SignInSteps.java:22)- Actual title React App equals ExpectedTitle React App
  Given User is on tek retail website                                            # tek.sdet.framework.steps.SignInSteps.userIsOnRetailWebsite()
 INFO [main] (SignInSteps.java:29)- User clicked on Sign In button
  When User click on signIn button                                               # tek.sdet.framework.steps.SignInSteps.userClickOnSignInButton()
 INFO [main] (SignInSteps.java:35)- Info Entered
  And User enters email 'n@gmail.com' and password 'Jesus22@'                    # tek.sdet.framework.steps.SignInSteps.userEntersEmailAndPassword(java.lang.String,java.lang.String)
 INFO [main] (SignInSteps.java:41)- User clicked on login button
  And User click on login button                                                 # tek.sdet.framework.steps.SignInSteps.userClickOnLoginButton()
 INFO [main] (SignInSteps.java:47)- User is logged in
  And User should logged in into the page                                        # tek.sdet.framework.steps.SignInSteps.userShouldLoggedInIntoThePage()
 INFO [main] (OrderSteps.java:187)- User clicked on order page
  Given User click on Orders section                                             # tek.sdet.framework.steps.OrderSteps.userClickOnOrdersSection()
 INFO [main] (OrderSteps.java:195)- User clicked on the order
  When User click on first order in list                                         # tek.sdet.framework.steps.OrderSteps.userClickOnFirstOrderInList()
 INFO [main] (OrderSteps.java:205)- User clicked on 'Cancel The Order'
  And User click on Cancel The Order button                                      # tek.sdet.framework.steps.OrderSteps.userClickOnCancelTheOrderButton()
  And User select the cancelation Reason ‘Bought wrong item’                     # tek.sdet.framework.steps.OrderSteps.userSelectTheCancelationReasonBoughtWrongItem()
  And User click on Cancel Order button                                          # tek.sdet.framework.steps.OrderSteps.userClickOnCancelOrderButton()
 INFO [main] (OrderSteps.java:225)- User succesfully cancelled the order
  Then a cancelation message should be displayed ‘Your Order Has Been Cancelled’ # tek.sdet.framework.steps.OrderSteps.aCancelationMessageShouldBeDisplayedYourOrderHasBeenCancelled()
]]></system-out>
    <system-err><![CDATA[1679958101281	geckodriver	INFO	Listening on 127.0.0.1:56158
1679958101317	mozrunner::runner	INFO	Running command: "/Applications/Firefox.app/Contents/MacOS/firefox-bin" "--marionette" "--remote-debugging-port" "52098" "--r ... alhost:52098/" "-foreground" "-no-remote" "-profile" "/var/folders/sn/q0y3v4_x01z920510kt961v40000gn/T/rust_mozprofileW9T53y"
console.warn: services.settings: Ignoring preference override of remote settings server
console.warn: services.settings: Allow by setting MOZ_REMOTE_SETTINGS_DEVTOOLS=1 in the environment
1679958101818	Marionette	INFO	Marionette enabled
1679958101917	Marionette	INFO	Listening on port 63752
Read port: 63752
console.error: "Warning: unrecognized command line flag -remote-allow-hosts\n"
console.error: "Warning: unrecognized command line flag -remote-allow-origins\n"
WebDriver BiDi listening on ws://127.0.0.1:52098
1679958102114	RemoteAgent	WARN	TLS certificate errors will be ignored for this session
console.warn: SearchSettings: "get: No settings file exists, new profile?" (new NotFoundError("Could not open the file at /var/folders/sn/q0y3v4_x01z920510kt961v40000gn/T/rust_mozprofileW9T53y/search.json.mozlz4", (void 0)))
DevTools listening on ws://127.0.0.1:52098/devtools/browser/0a8cfd5b-d0f2-45d4-8ad0-2c60dbf0516e
Mar 27, 2023 6:01:43 PM org.openqa.selenium.remote.ProtocolHandshake createSession
INFO: Detected upstream dialect: W3C
console.warn: LoginRecipes: "Falling back to a synchronous message for: https://tek-retail-ui.azurewebsites.net."
console.warn: LoginRecipes: "Falling back to a synchronous message for: https://tek-retail-ui.azurewebsites.net."
1679958118438	Marionette	INFO	Stopped listening on port 63752
]]></system-err>
  </testcase>
  <testcase name="Verify User can Return the order" classname="Order page" time="11.636">
    <system-out><![CDATA[
@12321235g
Scenario: Verify User can Return the order                               # features/retailOrder.feature:55
 INFO [main] (SignInSteps.java:21)- user is on retail website
 INFO [main] (SignInSteps.java:22)- Actual title React App equals ExpectedTitle React App
  Given User is on tek retail website                                    # tek.sdet.framework.steps.SignInSteps.userIsOnRetailWebsite()
 INFO [main] (SignInSteps.java:29)- User clicked on Sign In button
  When User click on signIn button                                       # tek.sdet.framework.steps.SignInSteps.userClickOnSignInButton()
 INFO [main] (SignInSteps.java:35)- Info Entered
  And User enters email 'n@gmail.com' and password 'Jesus22@'            # tek.sdet.framework.steps.SignInSteps.userEntersEmailAndPassword(java.lang.String,java.lang.String)
 INFO [main] (SignInSteps.java:41)- User clicked on login button
  And User click on login button                                         # tek.sdet.framework.steps.SignInSteps.userClickOnLoginButton()
 INFO [main] (SignInSteps.java:47)- User is logged in
  And User should logged in into the page                                # tek.sdet.framework.steps.SignInSteps.userShouldLoggedInIntoThePage()
 INFO [main] (OrderSteps.java:187)- User clicked on order page
  Given User click on Orders section                                     # tek.sdet.framework.steps.OrderSteps.userClickOnOrdersSection()
 INFO [main] (OrderSteps.java:233)- User Clicked on product to return
  And User click on Return Items button                                  # tek.sdet.framework.steps.OrderSteps.userClickOnReturnItemsButton()
 INFO [main] (OrderSteps.java:238)- User selected return reason
  And User select the Return Reason ‘Item damaged’                       # tek.sdet.framework.steps.OrderSteps.userSelectTheReturnReasonItemDamaged()
 INFO [main] (OrderSteps.java:243)- User selected drop off location as FedEx
  And User select the drop off service ‘FedEx’                           # tek.sdet.framework.steps.OrderSteps.userSelectTheDropOffServiceFedEx()
 INFO [main] (OrderSteps.java:248)- User clicked on return item button
  And User click on Return Order button                                  # tek.sdet.framework.steps.OrderSteps.userClickOnReturnOrderButton()
 INFO [main] (OrderSteps.java:254)- User successfully returned the item
  Then a cancelation message should be displayed ‘Return was successful’ # tek.sdet.framework.steps.OrderSteps.aCancelationMessageShouldBeDisplayedReturnWasSuccessful()
]]></system-out>
    <system-err><![CDATA[1679958119009	geckodriver	INFO	Listening on 127.0.0.1:51855
1679958119037	mozrunner::runner	INFO	Running command: "/Applications/Firefox.app/Contents/MacOS/firefox-bin" "--marionette" "--remote-debugging-port" "57408" "--r ... alhost:57408/" "-foreground" "-no-remote" "-profile" "/var/folders/sn/q0y3v4_x01z920510kt961v40000gn/T/rust_mozprofiletdw9gc"
console.warn: services.settings: Ignoring preference override of remote settings server
console.warn: services.settings: Allow by setting MOZ_REMOTE_SETTINGS_DEVTOOLS=1 in the environment
1679958119498	Marionette	INFO	Marionette enabled
1679958119675	Marionette	INFO	Listening on port 63923
console.error: "Warning: unrecognized command line flag -remote-allow-hosts\n"
console.error: "Warning: unrecognized command line flag -remote-allow-origins\n"
WebDriver BiDi listening on ws://127.0.0.1:57408
Read port: 63923
1679958119890	RemoteAgent	WARN	TLS certificate errors will be ignored for this session
console.warn: SearchSettings: "get: No settings file exists, new profile?" (new NotFoundError("Could not open the file at /var/folders/sn/q0y3v4_x01z920510kt961v40000gn/T/rust_mozprofiletdw9gc/search.json.mozlz4", (void 0)))
DevTools listening on ws://127.0.0.1:57408/devtools/browser/5b83ac7d-1543-4255-99cb-96b1d4c61259
Mar 27, 2023 6:02:01 PM org.openqa.selenium.remote.ProtocolHandshake createSession
INFO: Detected upstream dialect: W3C
console.warn: LoginRecipes: "Falling back to a synchronous message for: https://tek-retail-ui.azurewebsites.net."
console.warn: LoginRecipes: "Falling back to a synchronous message for: https://tek-retail-ui.azurewebsites.net."
1679958130087	Marionette	INFO	Stopped listening on port 63923
]]></system-err>
  </testcase>
  <testcase name="Verify User can write a review on order placed" classname="Order page" time="8.929">
    <system-out><![CDATA[
@12321235g
Scenario: Verify User can write a review on order placed                         # features/retailOrder.feature:63
 INFO [main] (SignInSteps.java:21)- user is on retail website
 INFO [main] (SignInSteps.java:22)- Actual title React App equals ExpectedTitle React App
  Given User is on tek retail website                                            # tek.sdet.framework.steps.SignInSteps.userIsOnRetailWebsite()
 INFO [main] (SignInSteps.java:29)- User clicked on Sign In button
  When User click on signIn button                                               # tek.sdet.framework.steps.SignInSteps.userClickOnSignInButton()
 INFO [main] (SignInSteps.java:35)- Info Entered
  And User enters email 'n@gmail.com' and password 'Jesus22@'                    # tek.sdet.framework.steps.SignInSteps.userEntersEmailAndPassword(java.lang.String,java.lang.String)
 INFO [main] (SignInSteps.java:41)- User clicked on login button
  And User click on login button                                                 # tek.sdet.framework.steps.SignInSteps.userClickOnLoginButton()
 INFO [main] (SignInSteps.java:47)- User is logged in
  And User should logged in into the page                                        # tek.sdet.framework.steps.SignInSteps.userShouldLoggedInIntoThePage()
 INFO [main] (OrderSteps.java:187)- User clicked on order page
  And User click on Orders section                                               # tek.sdet.framework.steps.OrderSteps.userClickOnOrdersSection()
 INFO [main] (OrderSteps.java:195)- User clicked on the order
  And User click on first order in list                                          # tek.sdet.framework.steps.OrderSteps.userClickOnFirstOrderInList()
 INFO [main] (OrderSteps.java:264)- User clicked on review button
  And User click on Review button                                                # tek.sdet.framework.steps.OrderSteps.userClickOnReviewButton()
 INFO [main] (OrderSteps.java:270)- User wrote headline and description review
  And User write Review headline ‘ headline value’ and ‘review text’             # tek.sdet.framework.steps.OrderSteps.userWriteReviewHeadlineHeadlineValueAndReviewText()
 INFO [main] (OrderSteps.java:276)- User clicked on Add Your Review Button
  And User click Add your Review button                                          # tek.sdet.framework.steps.OrderSteps.userClickAddYourReviewButton()
 INFO [main] (OrderSteps.java:280)- User successfully left a feedback
  Then a review message should be displayed ‘Your review was added successfully’ # tek.sdet.framework.steps.OrderSteps.aReviewMessageShouldBeDisplayedYourReviewWasAddedSuccessfully()
]]></system-out>
    <system-err><![CDATA[1679958130619	geckodriver	INFO	Listening on 127.0.0.1:54521
1679958130645	mozrunner::runner	INFO	Running command: "/Applications/Firefox.app/Contents/MacOS/firefox-bin" "--marionette" "--remote-debugging-port" "63536" "--r ... alhost:63536/" "-foreground" "-no-remote" "-profile" "/var/folders/sn/q0y3v4_x01z920510kt961v40000gn/T/rust_mozprofilenBOEDQ"
console.warn: services.settings: Ignoring preference override of remote settings server
console.warn: services.settings: Allow by setting MOZ_REMOTE_SETTINGS_DEVTOOLS=1 in the environment
1679958131050	Marionette	INFO	Marionette enabled
1679958131135	Marionette	INFO	Listening on port 64026
console.error: "Warning: unrecognized command line flag -remote-allow-hosts\n"
console.error: "Warning: unrecognized command line flag -remote-allow-origins\n"
Read port: 64026
WebDriver BiDi listening on ws://127.0.0.1:63536
1679958131251	RemoteAgent	WARN	TLS certificate errors will be ignored for this session
console.warn: SearchSettings: "get: No settings file exists, new profile?" (new NotFoundError("Could not open the file at /var/folders/sn/q0y3v4_x01z920510kt961v40000gn/T/rust_mozprofilenBOEDQ/search.json.mozlz4", (void 0)))
DevTools listening on ws://127.0.0.1:63536/devtools/browser/059fa77c-909c-4448-a215-b3b67b8add73
Mar 27, 2023 6:02:12 PM org.openqa.selenium.remote.ProtocolHandshake createSession
INFO: Detected upstream dialect: W3C
console.warn: LoginRecipes: "Falling back to a synchronous message for: https://tek-retail-ui.azurewebsites.net."
console.warn: LoginRecipes: "Falling back to a synchronous message for: https://tek-retail-ui.azurewebsites.net."
1679958139019	Marionette	INFO	Stopped listening on port 64026
]]></system-err>
  </testcase>
</testsuite>